Arguments: 
  /Users/droyer/.nvm/versions/node/v8.7.0/bin/node /Users/droyer/.yarn/bin/yarn.js build

PATH: 
  /Users/droyer/.yarn/bin:/Users/droyer/.nvm/versions/node/v8.7.0/bin:/users/droyer/go/bin:/usr/local/bin:/usr/bin:/bin:/usr/sbin:/sbin

Yarn version: 
  1.5.1

Node version: 
  8.7.0

Platform: 
  darwin x64

npm manifest: 
  {
    "name": "starter-theme",
    "version": "1.0.1",
    "description": "A Lightweight Wordpress Development Theme",
    "main": "index.js",
    "scripts": {
      "dev": "node node_modules/cross-env/dist/bin/cross-env.js NODE_ENV=development node_modules/webpack/bin/webpack.js --watch --progress --hide-modules --config=$npm_package_config_mixConfig",
      "watch": "node node_modules/cross-env/dist/bin/cross-env.js NODE_ENV=development node_modules/webpack/bin/webpack.js --watch --progress --hide-modules --config=node_modules/laravel-mix/setup/webpack.config.js",
      "watch-poll": "node node_modules/cross-env/dist/bin/cross-env.js NODE_ENV=development node_modules/webpack/bin/webpack.js --watch --watch-poll --progress --hide-modules --config=node_modules/laravel-mix/setup/webpack.config.js",
      "hot": "node node_modules/cross-env/dist/bin/cross-env.js NODE_ENV=development node_modules/webpack-dev-server/bin/webpack-dev-server.js --inline --config=node_modules/laravel-mix/setup/webpack.config.js",
      "production": "node node_modules/cross-env/dist/bin/cross-env.js NODE_ENV=production node_modules/webpack/bin/webpack.js --progress --hide-modules --config=node_modules/laravel-mix/setup/webpack.config.js"
    },
    "config": { "mixConfig": "node_modules/laravel-mix/setup/webpack.config.js" },
    "author": "",
    "license": "ISC",
    "devDependencies": {
      "browser-sync": "^2.23.6",
      "browser-sync-webpack-plugin": "^2.0.1",
      "cross-env": "^5.1.4",
      "laravel-mix": "^2.1.11"
    },
    "dependencies": {
      "vue": "^2.5.16"
    }
  }

yarn manifest: 
  No manifest

Lockfile: 
  No lockfile

Trace: 
  Error: Command "build" not found.
      at new MessageError (/Users/droyer/.yarn/lib/cli.js:186:110)
      at /Users/droyer/.yarn/lib/cli.js:87307:17
      at Generator.next (<anonymous>)
      at step (/Users/droyer/.yarn/lib/cli.js:98:30)
      at /Users/droyer/.yarn/lib/cli.js:116:14
      at new Promise (<anonymous>)
      at new F (/Users/droyer/.yarn/lib/cli.js:23451:28)
      at /Users/droyer/.yarn/lib/cli.js:95:12
      at runCommand (/Users/droyer/.yarn/lib/cli.js:87312:22)
      at Object.<anonymous> (/Users/droyer/.yarn/lib/cli.js:87412:14)
